TN:
SF:src\application\announcement\GetAnnouncementByCategoryUseCase.ts
FN:10,(anonymous_0)
FN:12,(anonymous_1)
FNF:2
FNH:0
FNDA:0,(anonymous_0)
FNDA:0,(anonymous_1)
DA:9,0
DA:10,0
DA:13,0
DA:14,0
LF:4
LH:0
BRF:0
BRH:0
end_of_record
TN:
SF:src\application\announcement\GetAnnouncementsUseCase.ts
FN:6,(anonymous_0)
FN:8,(anonymous_1)
FNF:2
FNH:0
FNDA:0,(anonymous_0)
FNDA:0,(anonymous_1)
DA:5,0
DA:6,0
DA:9,0
DA:10,0
LF:4
LH:0
BRF:0
BRH:0
end_of_record
TN:
SF:src\application\auth\LoginUseCase.ts
FN:5,(anonymous_0)
FN:7,(anonymous_1)
FNF:2
FNH:2
FNDA:11,(anonymous_0)
FNDA:14,(anonymous_1)
DA:2,2
DA:4,2
DA:5,11
DA:8,14
DA:9,14
DA:10,5
DA:12,9
LF:7
LH:7
BRDA:9,0,0,5
BRF:1
BRH:1
end_of_record
TN:
SF:src\application\auth\RegisterUseCase.ts
FN:5,(anonymous_0)
FN:7,(anonymous_1)
FNF:2
FNH:2
FNDA:10,(anonymous_0)
FNDA:9,(anonymous_1)
DA:2,2
DA:4,2
DA:5,10
DA:8,9
DA:9,9
DA:10,4
DA:12,5
LF:7
LH:7
BRDA:9,0,0,4
BRF:1
BRH:1
end_of_record
TN:
SF:src\application\canteen\GetMenuByDateAndMealTypeUseCase.ts
FN:5,(anonymous_0)
FN:7,(anonymous_1)
FNF:2
FNH:0
FNDA:0,(anonymous_0)
FNDA:0,(anonymous_1)
DA:4,0
DA:5,0
DA:8,0
LF:3
LH:0
BRF:0
BRH:0
end_of_record
TN:
SF:src\application\canteen\GetMenuByDateUseCase.ts
FN:5,(anonymous_0)
FN:7,(anonymous_1)
FNF:2
FNH:0
FNDA:0,(anonymous_0)
FNDA:0,(anonymous_1)
DA:4,0
DA:5,0
DA:8,0
LF:3
LH:0
BRF:0
BRH:0
end_of_record
TN:
SF:src\application\canteen\GetTodaysMenuUseCase.ts
FN:5,(anonymous_0)
FN:7,(anonymous_1)
FN:21,(anonymous_2)
FNF:3
FNH:0
FNDA:0,(anonymous_0)
FNDA:0,(anonymous_1)
FNDA:0,(anonymous_2)
DA:1,0
DA:4,0
DA:5,0
DA:8,0
DA:10,0
DA:11,0
DA:14,0
DA:16,0
DA:17,0
DA:21,0
DA:23,0
DA:33,0
LF:12
LH:0
BRDA:10,0,0,0
BRDA:11,1,0,0
BRDA:11,1,1,0
BRDA:16,2,0,0
BRF:4
BRH:0
end_of_record
TN:
SF:src\application\deadline\CompleteDeadlineUseCase.ts
FN:5,(anonymous_0)
FN:7,(anonymous_1)
FNF:2
FNH:2
FNDA:2,(anonymous_0)
FNDA:2,(anonymous_1)
DA:4,1
DA:5,2
DA:8,2
LF:3
LH:3
BRF:0
BRH:0
end_of_record
TN:
SF:src\application\deadline\CreateDeadlineUseCase.ts
FN:5,(anonymous_0)
FN:7,(anonymous_1)
FNF:2
FNH:2
FNDA:3,(anonymous_0)
FNDA:3,(anonymous_1)
DA:4,1
DA:5,3
DA:8,3
LF:3
LH:3
BRF:0
BRH:0
end_of_record
TN:
SF:src\application\deadline\GetUserDeadlinesUseCase.ts
FN:4,(anonymous_0)
FN:6,(anonymous_1)
FNF:2
FNH:2
FNDA:2,(anonymous_0)
FNDA:2,(anonymous_1)
DA:3,1
DA:4,2
DA:7,2
LF:3
LH:3
BRF:0
BRH:0
end_of_record
TN:
SF:src\application\rating\GetTeacherRatingsUseCase.ts
FN:4,(anonymous_0)
FN:6,(anonymous_1)
FNF:2
FNH:0
FNDA:0,(anonymous_0)
FNDA:0,(anonymous_1)
DA:3,0
DA:4,0
DA:7,0
LF:3
LH:0
BRF:0
BRH:0
end_of_record
TN:
SF:src\application\rating\RateTeacherUseCase.ts
FN:5,(anonymous_0)
FN:7,(anonymous_1)
FNF:2
FNH:0
FNDA:0,(anonymous_0)
FNDA:0,(anonymous_1)
DA:4,0
DA:5,0
DA:8,0
LF:3
LH:0
BRF:0
BRH:0
end_of_record
TN:
SF:src\application\request\CreateRequestUseCase.ts
FN:5,(anonymous_0)
FN:7,(anonymous_1)
FNF:2
FNH:0
FNDA:0,(anonymous_0)
FNDA:0,(anonymous_1)
DA:4,0
DA:5,0
DA:8,0
LF:3
LH:0
BRF:0
BRH:0
end_of_record
TN:
SF:src\application\request\GetActiveRequestsUseCase.ts
FN:5,(anonymous_0)
FN:7,(anonymous_1)
FNF:2
FNH:0
FNDA:0,(anonymous_0)
FNDA:0,(anonymous_1)
DA:4,0
DA:5,0
DA:8,0
LF:3
LH:0
BRF:0
BRH:0
end_of_record
TN:
SF:src\application\request\GetAssignedRequestsUseCase.ts
FN:5,(anonymous_0)
FN:7,(anonymous_1)
FNF:2
FNH:0
FNDA:0,(anonymous_0)
FNDA:0,(anonymous_1)
DA:4,0
DA:5,0
DA:8,0
LF:3
LH:0
BRF:0
BRH:0
end_of_record
TN:
SF:src\application\request\GetRequestsByTypeUseCase.ts
FN:5,(anonymous_0)
FN:7,(anonymous_1)
FNF:2
FNH:0
FNDA:0,(anonymous_0)
FNDA:0,(anonymous_1)
DA:4,0
DA:5,0
DA:8,0
LF:3
LH:0
BRF:0
BRH:0
end_of_record
TN:
SF:src\application\request\GetUserRequestsUseCase.ts
FN:5,(anonymous_0)
FN:7,(anonymous_1)
FNF:2
FNH:0
FNDA:0,(anonymous_0)
FNDA:0,(anonymous_1)
DA:4,0
DA:5,0
DA:8,0
LF:3
LH:0
BRF:0
BRH:0
end_of_record
TN:
SF:src\application\request\UpdateRequestStatusUseCase.ts
FN:5,(anonymous_0)
FN:7,(anonymous_1)
FNF:2
FNH:0
FNDA:0,(anonymous_0)
FNDA:0,(anonymous_1)
DA:4,0
DA:5,0
DA:8,0
LF:3
LH:0
BRF:0
BRH:0
end_of_record
TN:
SF:src\application\room\GetAllRoomsUseCase.ts
FN:5,(anonymous_0)
FN:7,(anonymous_1)
FNF:2
FNH:0
FNDA:0,(anonymous_0)
FNDA:0,(anonymous_1)
DA:4,0
DA:5,0
DA:8,0
LF:3
LH:0
BRF:0
BRH:0
end_of_record
TN:
SF:src\application\room\GetRoomByNumberUseCase.ts
FN:5,(anonymous_0)
FN:7,(anonymous_1)
FNF:2
FNH:0
FNDA:0,(anonymous_0)
FNDA:0,(anonymous_1)
DA:4,0
DA:5,0
DA:8,0
LF:3
LH:0
BRF:0
BRH:0
end_of_record
TN:
SF:src\application\room\GetRoomsByBuildingUseCase.ts
FN:5,(anonymous_0)
FN:7,(anonymous_1)
FNF:2
FNH:0
FNDA:0,(anonymous_0)
FNDA:0,(anonymous_1)
DA:4,0
DA:5,0
DA:8,0
LF:3
LH:0
BRF:0
BRH:0
end_of_record
TN:
SF:src\application\room\GetRoomsByFloorUseCase.ts
FN:5,(anonymous_0)
FN:7,(anonymous_1)
FNF:2
FNH:0
FNDA:0,(anonymous_0)
FNDA:0,(anonymous_1)
DA:4,0
DA:5,0
DA:8,0
LF:3
LH:0
BRF:0
BRH:0
end_of_record
TN:
SF:src\application\schedule\GetScheduleByDateUseCase.ts
FN:4,(anonymous_0)
FN:6,(anonymous_1)
FNF:2
FNH:0
FNDA:0,(anonymous_0)
FNDA:0,(anonymous_1)
DA:3,0
DA:4,0
DA:7,0
LF:3
LH:0
BRF:0
BRH:0
end_of_record
TN:
SF:src\application\schedule\GetScheduleUseCase.ts
FN:4,(anonymous_0)
FN:6,(anonymous_1)
FNF:2
FNH:0
FNDA:0,(anonymous_0)
FNDA:0,(anonymous_1)
DA:3,0
DA:4,0
DA:7,0
LF:3
LH:0
BRF:0
BRH:0
end_of_record
TN:
SF:src\application\story\GetStoriesUseCase.ts
FN:6,(anonymous_0)
FN:8,(anonymous_1)
FNF:2
FNH:0
FNDA:0,(anonymous_0)
FNDA:0,(anonymous_1)
DA:5,0
DA:6,0
DA:9,0
DA:10,0
LF:4
LH:0
BRF:0
BRH:0
end_of_record
TN:
SF:src\application\story\MarkStoryAsViewedUseCase.ts
FN:5,(anonymous_0)
FN:7,(anonymous_1)
FNF:2
FNH:0
FNDA:0,(anonymous_0)
FNDA:0,(anonymous_1)
DA:2,0
DA:4,0
DA:5,0
DA:8,0
DA:9,0
DA:10,0
DA:13,0
LF:7
LH:0
BRDA:9,0,0,0
BRDA:9,1,0,0
BRDA:9,1,1,0
BRF:3
BRH:0
end_of_record
TN:
SF:src\domain\entities\Deadline.ts
FN:7,(anonymous_0)
FN:22,(anonymous_1)
FN:32,(anonymous_2)
FN:42,(anonymous_3)
FN:46,(anonymous_4)
FN:51,(anonymous_5)
FN:59,(anonymous_6)
FNF:7
FNH:7
FNDA:104,(anonymous_0)
FNDA:5,(anonymous_1)
FNDA:2,(anonymous_2)
FNDA:3,(anonymous_3)
FNDA:2,(anonymous_4)
FNDA:2,(anonymous_5)
FNDA:3,(anonymous_6)
DA:1,2
DA:2,2
DA:4,2
DA:8,104
DA:9,104
DA:10,104
DA:11,104
DA:12,104
DA:13,104
DA:14,104
DA:16,104
DA:17,104
DA:19,104
DA:23,5
DA:24,1
DA:26,4
DA:27,4
DA:28,4
DA:29,4
DA:33,2
DA:34,1
DA:36,1
DA:37,1
DA:38,1
DA:39,1
DA:43,3
DA:47,2
DA:48,2
DA:52,2
DA:53,1
DA:55,1
DA:56,1
DA:60,3
DA:61,2
DA:63,1
DA:64,1
LF:36
LH:36
BRDA:19,0,0,104
BRDA:19,0,1,90
BRDA:23,1,0,1
BRDA:33,2,0,1
BRDA:43,3,0,3
BRDA:43,3,1,2
BRDA:52,4,0,1
BRDA:60,5,0,2
BRF:8
BRH:8
end_of_record
TN:
SF:src\domain\entities\Lesson.ts
FN:5,(anonymous_0)
FN:15,(anonymous_1)
FN:26,(anonymous_2)
FN:34,(anonymous_3)
FNF:4
FNH:0
FNDA:0,(anonymous_0)
FNDA:0,(anonymous_1)
FNDA:0,(anonymous_2)
FNDA:0,(anonymous_3)
DA:4,0
DA:6,0
DA:7,0
DA:8,0
DA:9,0
DA:10,0
DA:11,0
DA:12,0
DA:16,0
DA:17,0
DA:18,0
DA:19,0
DA:20,0
DA:21,0
DA:22,0
DA:23,0
DA:27,0
DA:28,0
DA:29,0
DA:30,0
DA:31,0
DA:35,0
LF:22
LH:0
BRDA:12,0,0,0
BRDA:23,1,0,0
BRDA:23,1,1,0
BRF:3
BRH:0
end_of_record
TN:
SF:src\domain\entities\Rating.ts
FN:6,(anonymous_0)
FN:20,(anonymous_1)
FN:24,(anonymous_2)
FN:34,(anonymous_3)
FNF:4
FNH:0
FNDA:0,(anonymous_0)
FNDA:0,(anonymous_1)
FNDA:0,(anonymous_2)
FNDA:0,(anonymous_3)
DA:1,0
DA:3,0
DA:7,0
DA:8,0
DA:9,0
DA:10,0
DA:11,0
DA:12,0
DA:14,0
DA:15,0
DA:17,0
DA:21,0
DA:25,0
DA:26,0
DA:28,0
DA:29,0
DA:30,0
DA:31,0
DA:35,0
DA:36,0
LF:20
LH:0
BRDA:12,0,0,0
BRDA:14,1,0,0
BRDA:17,2,0,0
BRDA:17,2,1,0
BRDA:21,3,0,0
BRDA:21,3,1,0
BRDA:25,4,0,0
BRDA:25,5,0,0
BRDA:25,5,1,0
BRF:9
BRH:0
end_of_record
TN:
SF:src\domain\entities\Schedule.ts
FN:7,(anonymous_0)
FN:18,(anonymous_1)
FN:19,(anonymous_2)
FN:22,(anonymous_3)
FN:26,(anonymous_4)
FN:27,(anonymous_5)
FNF:6
FNH:0
FNDA:0,(anonymous_0)
FNDA:0,(anonymous_1)
FNDA:0,(anonymous_2)
FNDA:0,(anonymous_3)
FNDA:0,(anonymous_4)
FNDA:0,(anonymous_5)
DA:4,0
DA:8,0
DA:9,0
DA:10,0
DA:11,0
DA:12,0
DA:15,0
DA:19,0
DA:23,0
DA:27,0
LF:10
LH:0
BRDA:15,0,0,0
BRDA:15,0,1,0
BRDA:19,1,0,0
BRDA:19,1,1,0
BRF:4
BRH:0
end_of_record
TN:
SF:src\domain\entities\User.ts
FN:9,(anonymous_0)
FN:24,(anonymous_1)
FN:28,(anonymous_2)
FN:32,(anonymous_3)
FN:36,(anonymous_4)
FN:40,(anonymous_5)
FN:44,(anonymous_6)
FN:48,(anonymous_7)
FNF:8
FNH:8
FNDA:116,(anonymous_0)
FNDA:2,(anonymous_1)
FNDA:1,(anonymous_2)
FNDA:3,(anonymous_3)
FNDA:5,(anonymous_4)
FNDA:13,(anonymous_5)
FNDA:10,(anonymous_6)
FNDA:6,(anonymous_7)
DA:4,4
DA:6,4
DA:10,116
DA:11,116
DA:12,116
DA:13,116
DA:14,116
DA:15,116
DA:16,116
DA:18,116
DA:19,116
DA:21,116
DA:25,2
DA:29,1
DA:33,3
DA:37,5
DA:41,13
DA:45,10
DA:49,6
LF:19
LH:19
BRDA:18,0,0,20
BRDA:21,1,0,116
BRDA:21,1,1,115
BRDA:33,2,0,3
BRDA:33,2,1,2
BRF:5
BRH:5
end_of_record
TN:
SF:src\domain\services\AuthService.ts
FN:11,(anonymous_0)
FN:13,(anonymous_1)
FN:48,(anonymous_2)
FNF:3
FNH:3
FNDA:16,(anonymous_0)
FNDA:9,(anonymous_1)
FNDA:14,(anonymous_2)
DA:1,3
DA:3,3
DA:4,3
DA:5,3
DA:6,3
DA:7,3
DA:8,3
DA:10,3
DA:11,16
DA:14,9
DA:15,9
DA:16,2
DA:19,7
DA:20,7
DA:21,2
DA:24,5
DA:34,5
DA:35,5
DA:36,0
DA:39,5
DA:45,5
DA:49,14
DA:50,14
DA:51,3
DA:54,11
DA:55,11
DA:56,2
DA:59,9
DA:61,9
DA:67,9
LF:30
LH:29
BRDA:15,0,0,2
BRDA:15,1,0,9
BRDA:15,1,1,9
BRDA:20,2,0,2
BRDA:35,3,0,0
BRDA:50,4,0,3
BRDA:50,5,0,14
BRDA:50,5,1,14
BRDA:55,6,0,2
BRF:9
BRH:8
end_of_record
TN:
SF:src\domain\services\DeadlineService.ts
FN:6,(anonymous_0)
FN:8,(anonymous_1)
FN:12,(anonymous_2)
FN:16,(anonymous_3)
FNF:4
FNH:4
FNDA:7,(anonymous_0)
FNDA:2,(anonymous_1)
FNDA:3,(anonymous_2)
FNDA:2,(anonymous_3)
DA:5,1
DA:6,7
DA:9,2
DA:13,3
DA:17,2
LF:5
LH:5
BRF:0
BRH:0
end_of_record
TN:
SF:src\domain\services\RatingService.ts
FN:6,(anonymous_0)
FN:8,(anonymous_1)
FN:12,(anonymous_2)
FNF:3
FNH:0
FNDA:0,(anonymous_0)
FNDA:0,(anonymous_1)
FNDA:0,(anonymous_2)
DA:5,0
DA:6,0
DA:9,0
DA:13,0
LF:4
LH:0
BRF:0
BRH:0
end_of_record
TN:
SF:src\domain\services\ScheduleService.ts
FN:6,(anonymous_0)
FN:8,(anonymous_1)
FN:12,(anonymous_2)
FNF:3
FNH:0
FNDA:0,(anonymous_0)
FNDA:0,(anonymous_1)
FNDA:0,(anonymous_2)
DA:5,0
DA:6,0
DA:9,0
DA:13,0
LF:4
LH:0
BRF:0
BRH:0
end_of_record
TN:
SF:src\domain\value-objects\DeadlineStatus.ts
FN:1,(anonymous_0)
FNF:1
FNH:1
FNDA:2,(anonymous_0)
DA:1,2
DA:2,2
DA:3,2
DA:4,2
LF:4
LH:4
BRDA:1,0,0,2
BRDA:1,0,1,2
BRF:2
BRH:2
end_of_record
TN:
SF:src\domain\value-objects\Email.ts
FN:5,(anonymous_0)
FN:7,(anonymous_1)
FN:11,(anonymous_2)
FN:15,(anonymous_3)
FN:24,(anonymous_4)
FNF:5
FNH:5
FNDA:127,(anonymous_0)
FNDA:121,(anonymous_1)
FNDA:1,(anonymous_2)
FNDA:133,(anonymous_3)
FNDA:3,(anonymous_4)
DA:1,5
DA:2,5
DA:4,5
DA:5,127
DA:8,121
DA:12,1
DA:16,133
DA:17,133
DA:18,133
DA:19,6
DA:21,127
DA:25,3
LF:12
LH:12
BRDA:18,0,0,6
BRF:1
BRH:1
end_of_record
TN:
SF:src\domain\value-objects\Password.ts
FN:4,(anonymous_0)
FN:6,(anonymous_1)
FN:10,(anonymous_2)
FN:14,(anonymous_3)
FN:19,(anonymous_4)
FNF:5
FNH:5
FNDA:126,(anonymous_0)
FNDA:8,(anonymous_1)
FNDA:18,(anonymous_2)
FNDA:125,(anonymous_3)
FNDA:1,(anonymous_4)
DA:1,5
DA:3,5
DA:4,126
DA:7,8
DA:11,18
DA:15,125
DA:16,125
DA:20,1
LF:8
LH:8
BRF:0
BRH:0
end_of_record
TN:
SF:src\domain\value-objects\Room.ts
FN:4,(anonymous_0)
FN:10,(anonymous_1)
FN:14,(anonymous_2)
FN:18,(anonymous_3)
FN:22,(anonymous_4)
FN:29,(anonymous_5)
FNF:6
FNH:6
FNDA:4,(anonymous_0)
FNDA:1,(anonymous_1)
FNDA:1,(anonymous_2)
FNDA:1,(anonymous_3)
FNDA:7,(anonymous_4)
FNDA:2,(anonymous_5)
DA:1,1
DA:3,1
DA:5,4
DA:6,4
DA:7,4
DA:11,1
DA:15,1
DA:19,1
DA:23,7
DA:24,3
DA:26,4
DA:30,2
LF:12
LH:12
BRDA:23,0,0,3
BRDA:23,1,0,7
BRDA:23,1,1,6
BRDA:23,1,2,5
BRF:4
BRH:4
end_of_record
TN:
SF:src\domain\value-objects\TimeSlot.ts
FN:4,(anonymous_0)
FN:6,(anonymous_1)
FN:10,(anonymous_2)
FN:14,(anonymous_3)
FN:21,(anonymous_4)
FN:27,(anonymous_5)
FNF:6
FNH:6
FNDA:12,(anonymous_0)
FNDA:5,(anonymous_1)
FNDA:5,(anonymous_2)
FNDA:14,(anonymous_3)
FNDA:3,(anonymous_4)
FNDA:4,(anonymous_5)
DA:1,1
DA:3,1
DA:4,12
DA:7,5
DA:11,5
DA:15,14
DA:16,2
DA:18,12
DA:22,3
DA:23,3
DA:24,3
DA:28,4
DA:29,4
DA:30,4
LF:14
LH:14
BRDA:15,0,0,2
BRDA:15,1,0,14
BRDA:15,1,1,13
BRDA:30,2,0,4
BRDA:30,2,1,4
BRF:5
BRH:5
end_of_record
TN:
SF:src\infrastructure\cache\CacheManager.ts
FN:4,(anonymous_0)
FN:6,(anonymous_1)
FNF:2
FNH:0
FNDA:0,(anonymous_0)
FNDA:0,(anonymous_1)
DA:3,0
DA:4,0
DA:7,0
DA:8,0
DA:9,0
DA:11,0
DA:12,0
DA:13,0
LF:8
LH:0
BRDA:6,0,0,0
BRDA:8,1,0,0
BRF:2
BRH:0
end_of_record
TN:
SF:src\infrastructure\cache\RedisCache.ts
FN:2,(anonymous_0)
FN:6,(anonymous_1)
FNF:2
FNH:0
FNDA:0,(anonymous_0)
FNDA:0,(anonymous_1)
DA:1,0
DA:3,0
DA:7,0
LF:3
LH:0
BRF:0
BRH:0
end_of_record
TN:
SF:src\infrastructure\database\memory\MockAnnouncementRepository.ts
FN:8,(anonymous_0)
FN:12,(anonymous_1)
FN:72,(anonymous_2)
FN:76,(anonymous_3)
FN:77,(anonymous_4)
FN:81,(anonymous_5)
FN:82,(anonymous_6)
FN:86,(anonymous_7)
FNF:8
FNH:0
FNDA:0,(anonymous_0)
FNDA:0,(anonymous_1)
FNDA:0,(anonymous_2)
FNDA:0,(anonymous_3)
FNDA:0,(anonymous_4)
FNDA:0,(anonymous_5)
FNDA:0,(anonymous_6)
FNDA:0,(anonymous_7)
DA:3,0
DA:5,0
DA:6,0
DA:9,0
DA:13,0
DA:15,0
DA:73,0
DA:77,0
DA:78,0
DA:82,0
DA:83,0
DA:87,0
DA:88,0
LF:13
LH:0
BRDA:78,0,0,0
BRDA:78,0,1,0
BRF:2
BRH:0
end_of_record
TN:
SF:src\infrastructure\database\memory\MockDeadlineRepository.ts
FN:10,(anonymous_0)
FN:14,(anonymous_1)
FN:76,(anonymous_2)
FN:93,(anonymous_3)
FN:94,(anonymous_4)
FN:97,(anonymous_5)
FN:98,(anonymous_6)
FN:101,(anonymous_7)
FN:106,(anonymous_8)
FN:107,(anonymous_9)
FNF:10
FNH:0
FNDA:0,(anonymous_0)
FNDA:0,(anonymous_1)
FNDA:0,(anonymous_2)
FNDA:0,(anonymous_3)
FNDA:0,(anonymous_4)
FNDA:0,(anonymous_5)
FNDA:0,(anonymous_6)
FNDA:0,(anonymous_7)
FNDA:0,(anonymous_8)
FNDA:0,(anonymous_9)
DA:2,0
DA:3,0
DA:4,0
DA:5,0
DA:7,0
DA:8,0
DA:11,0
DA:15,0
DA:16,0
DA:17,0
DA:19,0
DA:76,0
DA:77,0
DA:89,0
DA:94,0
DA:98,0
DA:102,0
DA:103,0
DA:107,0
DA:108,0
DA:109,0
DA:111,0
LF:22
LH:0
BRDA:85,0,0,0
BRDA:85,0,1,0
BRDA:108,1,0,0
BRF:3
BRH:0
end_of_record
TN:
SF:src\infrastructure\database\memory\MockRatingRepository.ts
FN:5,(anonymous_0)
FN:8,(anonymous_1)
FN:9,(anonymous_2)
FN:12,(anonymous_3)
FN:17,(anonymous_4)
FN:18,(anonymous_5)
FNF:6
FNH:0
FNDA:0,(anonymous_0)
FNDA:0,(anonymous_1)
FNDA:0,(anonymous_2)
FNDA:0,(anonymous_3)
FNDA:0,(anonymous_4)
FNDA:0,(anonymous_5)
DA:3,0
DA:5,0
DA:6,0
DA:9,0
DA:13,0
DA:14,0
DA:18,0
DA:19,0
DA:20,0
DA:22,0
LF:10
LH:0
BRDA:19,0,0,0
BRF:1
BRH:0
end_of_record
TN:
SF:src\infrastructure\database\memory\MockScheduleRepository.ts
FN:8,(anonymous_0)
FN:12,(anonymous_1)
FN:89,(anonymous_2)
FN:90,(anonymous_3)
FN:94,(anonymous_4)
FN:96,(anonymous_5)
FN:101,(anonymous_6)
FNF:7
FNH:0
FNDA:0,(anonymous_0)
FNDA:0,(anonymous_1)
FNDA:0,(anonymous_2)
FNDA:0,(anonymous_3)
FNDA:0,(anonymous_4)
FNDA:0,(anonymous_5)
FNDA:0,(anonymous_6)
DA:2,0
DA:3,0
DA:5,0
DA:6,0
DA:9,0
DA:14,0
DA:15,0
DA:26,0
DA:27,0
DA:28,0
DA:30,0
DA:78,0
DA:85,0
DA:90,0
DA:91,0
DA:96,0
DA:98,0
DA:102,0
DA:103,0
LF:19
LH:0
BRDA:90,0,0,0
BRDA:90,0,1,0
BRDA:96,1,0,0
BRDA:96,1,1,0
BRDA:96,2,0,0
BRDA:96,2,1,0
BRF:6
BRH:0
end_of_record
TN:
SF:src\infrastructure\database\memory\MockStoryRepository.ts
FN:8,(anonymous_0)
FN:12,(anonymous_1)
FN:69,(anonymous_2)
FN:71,(anonymous_3)
FN:75,(anonymous_4)
FN:76,(anonymous_5)
FN:80,(anonymous_6)
FN:85,(anonymous_7)
FN:86,(anonymous_8)
FNF:9
FNH:0
FNDA:0,(anonymous_0)
FNDA:0,(anonymous_1)
FNDA:0,(anonymous_2)
FNDA:0,(anonymous_3)
FNDA:0,(anonymous_4)
FNDA:0,(anonymous_5)
FNDA:0,(anonymous_6)
FNDA:0,(anonymous_7)
FNDA:0,(anonymous_8)
DA:3,0
DA:5,0
DA:6,0
DA:9,0
DA:13,0
DA:15,0
DA:70,0
DA:71,0
DA:72,0
DA:76,0
DA:77,0
DA:81,0
DA:82,0
DA:86,0
DA:87,0
DA:88,0
DA:90,0
LF:17
LH:0
BRDA:77,0,0,0
BRDA:77,0,1,0
BRDA:87,1,0,0
BRDA:87,2,0,0
BRDA:87,2,1,0
BRF:5
BRH:0
end_of_record
TN:
SF:src\infrastructure\database\memory\MockUserRepository.ts
FN:10,(anonymous_0)
FN:14,(anonymous_1)
FN:120,(anonymous_2)
FN:121,(anonymous_3)
FN:125,(anonymous_4)
FN:126,(anonymous_5)
FN:130,(anonymous_6)
FN:131,(anonymous_7)
FNF:8
FNH:0
FNDA:0,(anonymous_0)
FNDA:0,(anonymous_1)
FNDA:0,(anonymous_2)
FNDA:0,(anonymous_3)
FNDA:0,(anonymous_4)
FNDA:0,(anonymous_5)
FNDA:0,(anonymous_6)
FNDA:0,(anonymous_7)
DA:1,0
DA:3,0
DA:4,0
DA:5,0
DA:7,0
DA:8,0
DA:11,0
DA:15,0
DA:16,0
DA:17,0
DA:32,0
DA:33,0
DA:34,0
DA:49,0
DA:50,0
DA:51,0
DA:67,0
DA:68,0
DA:69,0
DA:84,0
DA:85,0
DA:86,0
DA:102,0
DA:103,0
DA:104,0
DA:121,0
DA:122,0
DA:126,0
DA:127,0
DA:131,0
DA:132,0
DA:133,0
DA:135,0
DA:137,0
LF:34
LH:0
BRDA:121,0,0,0
BRDA:121,0,1,0
BRDA:126,1,0,0
BRDA:126,1,1,0
BRDA:132,2,0,0
BRDA:132,2,1,0
BRF:6
BRH:0
end_of_record
TN:
SF:src\infrastructure\database\memory\repositories.ts
FNF:0
FNH:0
DA:1,0
DA:2,0
DA:3,0
DA:4,0
DA:5,0
DA:6,0
DA:8,0
DA:9,0
DA:10,0
DA:11,0
DA:12,0
DA:13,0
LF:12
LH:0
BRF:0
BRH:0
end_of_record
TN:
SF:src\infrastructure\database\mock\MockAnnouncementRepository.ts
FN:8,(anonymous_0)
FN:12,(anonymous_1)
FN:72,(anonymous_2)
FN:76,(anonymous_3)
FN:77,(anonymous_4)
FN:81,(anonymous_5)
FN:82,(anonymous_6)
FN:86,(anonymous_7)
FNF:8
FNH:0
FNDA:0,(anonymous_0)
FNDA:0,(anonymous_1)
FNDA:0,(anonymous_2)
FNDA:0,(anonymous_3)
FNDA:0,(anonymous_4)
FNDA:0,(anonymous_5)
FNDA:0,(anonymous_6)
FNDA:0,(anonymous_7)
DA:3,0
DA:5,0
DA:6,0
DA:9,0
DA:13,0
DA:15,0
DA:73,0
DA:77,0
DA:78,0
DA:82,0
DA:83,0
DA:87,0
DA:88,0
LF:13
LH:0
BRDA:78,0,0,0
BRDA:78,0,1,0
BRF:2
BRH:0
end_of_record
TN:
SF:src\infrastructure\database\mock\MockDeadlineRepository.ts
FN:14,(anonymous_0)
FN:18,(anonymous_1)
FN:85,(anonymous_2)
FN:115,(anonymous_3)
FN:136,(anonymous_4)
FN:137,(anonymous_5)
FN:141,(anonymous_6)
FN:142,(anonymous_7)
FN:145,(anonymous_8)
FN:150,(anonymous_9)
FN:151,(anonymous_10)
FNF:11
FNH:11
FNDA:7,(anonymous_0)
FNDA:7,(anonymous_1)
FNDA:70,(anonymous_2)
FNDA:14,(anonymous_3)
FNDA:2,(anonymous_4)
FNDA:24,(anonymous_5)
FNDA:3,(anonymous_6)
FNDA:39,(anonymous_7)
FNDA:5,(anonymous_8)
FNDA:2,(anonymous_9)
FNDA:26,(anonymous_10)
DA:6,1
DA:8,1
DA:9,1
DA:11,1
DA:12,7
DA:15,7
DA:19,7
DA:20,7
DA:22,7
DA:85,7
DA:86,70
DA:102,7
DA:115,7
DA:116,14
DA:117,14
DA:119,14
DA:137,24
DA:138,2
DA:142,39
DA:146,5
DA:147,5
DA:151,26
DA:152,2
DA:153,2
DA:155,2
LF:25
LH:25
BRDA:152,0,0,2
BRF:1
BRH:1
end_of_record
TN:
SF:src\infrastructure\database\mock\MockRatingRepository.ts
FN:8,(anonymous_0)
FN:12,(anonymous_1)
FN:20,(anonymous_2)
FN:40,(anonymous_3)
FN:54,(anonymous_4)
FN:55,(anonymous_5)
FN:59,(anonymous_6)
FN:64,(anonymous_7)
FN:65,(anonymous_8)
FNF:9
FNH:0
FNDA:0,(anonymous_0)
FNDA:0,(anonymous_1)
FNDA:0,(anonymous_2)
FNDA:0,(anonymous_3)
FNDA:0,(anonymous_4)
FNDA:0,(anonymous_5)
FNDA:0,(anonymous_6)
FNDA:0,(anonymous_7)
FNDA:0,(anonymous_8)
DA:1,0
DA:3,0
DA:5,0
DA:6,0
DA:9,0
DA:13,0
DA:20,0
DA:21,0
DA:33,0
DA:40,0
DA:41,0
DA:55,0
DA:56,0
DA:60,0
DA:61,0
DA:65,0
DA:66,0
DA:67,0
DA:69,0
LF:19
LH:0
BRDA:66,0,0,0
BRF:1
BRH:0
end_of_record
TN:
SF:src\infrastructure\database\mock\MockScheduleRepository.ts
FN:21,(anonymous_0)
FN:25,(anonymous_1)
FN:29,(anonymous_2)
FN:65,(anonymous_3)
FN:73,(anonymous_4)
FN:143,(anonymous_5)
FN:164,(anonymous_6)
FN:165,(anonymous_7)
FN:169,(anonymous_8)
FN:173,(anonymous_9)
FN:192,(anonymous_10)
FN:193,(anonymous_11)
FN:199,(anonymous_12)
FN:200,(anonymous_13)
FNF:14
FNH:0
FNDA:0,(anonymous_0)
FNDA:0,(anonymous_1)
FNDA:0,(anonymous_2)
FNDA:0,(anonymous_3)
FNDA:0,(anonymous_4)
FNDA:0,(anonymous_5)
FNDA:0,(anonymous_6)
FNDA:0,(anonymous_7)
FNDA:0,(anonymous_8)
FNDA:0,(anonymous_9)
FNDA:0,(anonymous_10)
FNDA:0,(anonymous_11)
FNDA:0,(anonymous_12)
FNDA:0,(anonymous_13)
DA:11,0
DA:12,0
DA:14,0
DA:15,0
DA:16,0
DA:18,0
DA:19,0
DA:22,0
DA:27,0
DA:29,0
DA:31,0
DA:32,0
DA:35,0
DA:36,0
DA:37,0
DA:39,0
DA:40,0
DA:41,0
DA:43,0
DA:46,0
DA:48,0
DA:50,0
DA:58,0
DA:62,0
DA:66,0
DA:67,0
DA:68,0
DA:70,0
DA:73,0
DA:74,0
DA:76,0
DA:111,0
DA:114,0
DA:137,0
DA:141,0
DA:143,0
DA:144,0
DA:145,0
DA:147,0
DA:148,0
DA:157,0
DA:161,0
DA:165,0
DA:166,0
DA:170,0
DA:173,0
DA:175,0
DA:177,0
DA:180,0
DA:182,0
DA:183,0
DA:185,0
DA:188,0
DA:189,0
DA:190,0
DA:191,0
DA:192,0
DA:193,0
DA:196,0
DA:200,0
DA:201,0
DA:202,0
DA:204,0
DA:206,0
LF:64
LH:0
BRDA:36,0,0,0
BRDA:36,0,1,0
BRDA:46,1,0,0
BRDA:68,2,0,0
BRDA:68,2,1,0
BRDA:70,3,0,0
BRDA:74,4,0,0
BRDA:74,4,1,0
BRDA:111,5,0,0
BRDA:111,5,1,0
BRDA:137,6,0,0
BRDA:137,6,1,0
BRDA:147,7,0,0
BRDA:166,8,0,0
BRDA:166,8,1,0
BRDA:180,9,0,0
BRDA:180,9,1,0
BRDA:182,10,0,0
BRDA:188,11,0,0
BRDA:196,12,0,0
BRDA:196,12,1,0
BRDA:201,13,0,0
BRDA:201,13,1,0
BRF:23
BRH:0
end_of_record
TN:
SF:src\infrastructure\database\mock\MockStoryRepository.ts
FN:12,(anonymous_0)
FN:16,(anonymous_1)
FN:73,(anonymous_2)
FN:75,(anonymous_3)
FN:79,(anonymous_4)
FN:80,(anonymous_5)
FN:84,(anonymous_6)
FN:89,(anonymous_7)
FN:90,(anonymous_8)
FNF:9
FNH:0
FNDA:0,(anonymous_0)
FNDA:0,(anonymous_1)
FNDA:0,(anonymous_2)
FNDA:0,(anonymous_3)
FNDA:0,(anonymous_4)
FNDA:0,(anonymous_5)
FNDA:0,(anonymous_6)
FNDA:0,(anonymous_7)
FNDA:0,(anonymous_8)
DA:7,0
DA:9,0
DA:10,0
DA:13,0
DA:17,0
DA:19,0
DA:74,0
DA:75,0
DA:76,0
DA:80,0
DA:81,0
DA:85,0
DA:86,0
DA:90,0
DA:91,0
DA:92,0
DA:94,0
LF:17
LH:0
BRDA:81,0,0,0
BRDA:81,0,1,0
BRDA:91,1,0,0
BRDA:91,2,0,0
BRDA:91,2,1,0
BRF:5
BRH:0
end_of_record
TN:
SF:src\infrastructure\database\mock\MockUserRepository.ts
FN:16,(anonymous_0)
FN:20,(anonymous_1)
FN:126,(anonymous_2)
FN:127,(anonymous_3)
FN:131,(anonymous_4)
FN:132,(anonymous_5)
FN:136,(anonymous_6)
FN:137,(anonymous_7)
FNF:8
FNH:6
FNDA:16,(anonymous_0)
FNDA:16,(anonymous_1)
FNDA:0,(anonymous_2)
FNDA:0,(anonymous_3)
FNDA:26,(anonymous_4)
FNDA:110,(anonymous_5)
FNDA:5,(anonymous_6)
FNDA:30,(anonymous_7)
DA:6,3
DA:8,3
DA:9,3
DA:10,3
DA:13,3
DA:14,16
DA:17,16
DA:21,16
DA:22,16
DA:23,16
DA:38,16
DA:39,16
DA:40,16
DA:55,16
DA:56,16
DA:57,16
DA:73,16
DA:74,16
DA:75,16
DA:90,16
DA:91,16
DA:92,16
DA:108,16
DA:109,16
DA:110,16
DA:127,0
DA:128,0
DA:132,110
DA:133,26
DA:137,30
DA:138,5
DA:139,0
DA:141,5
DA:143,5
LF:34
LH:31
BRDA:128,0,0,0
BRDA:128,0,1,0
BRDA:133,1,0,26
BRDA:133,1,1,10
BRDA:138,2,0,0
BRDA:138,2,1,5
BRF:6
BRH:3
end_of_record
TN:
SF:src\infrastructure\external-services\EmailService.ts
FN:2,(anonymous_0)
FNF:1
FNH:0
FNDA:0,(anonymous_0)
DA:1,0
DA:3,0
LF:2
LH:0
BRF:0
BRH:0
end_of_record
TN:
SF:src\infrastructure\external-services\SMSService.ts
FN:2,(anonymous_0)
FNF:1
FNH:0
FNDA:0,(anonymous_0)
DA:1,0
DA:3,0
LF:2
LH:0
BRF:0
BRH:0
end_of_record
TN:
SF:src\infrastructure\external-services\VKAuthService.ts
FN:2,(anonymous_0)
FNF:1
FNH:0
FNDA:0,(anonymous_0)
DA:1,0
DA:3,0
LF:2
LH:0
BRF:0
BRH:0
end_of_record
TN:
SF:src\presentation\controllers\AnnouncementController.ts
FN:10,(anonymous_0)
FN:15,(anonymous_1)
FN:27,(anonymous_2)
FNF:3
FNH:0
FNDA:0,(anonymous_0)
FNDA:0,(anonymous_1)
FNDA:0,(anonymous_2)
DA:9,0
DA:11,0
DA:12,0
DA:15,0
DA:16,0
DA:17,0
DA:18,0
DA:19,0
DA:21,0
DA:23,0
DA:27,0
DA:28,0
DA:29,0
DA:30,0
DA:31,0
DA:37,0
DA:38,0
DA:39,0
DA:41,0
DA:43,0
LF:20
LH:0
BRDA:18,0,0,0
BRDA:30,1,0,0
BRDA:30,2,0,0
BRDA:30,2,1,0
BRDA:38,3,0,0
BRF:5
BRH:0
end_of_record
TN:
SF:src\presentation\controllers\AuthController.ts
FN:6,(anonymous_0)
FN:11,(anonymous_1)
FN:26,(anonymous_2)
FNF:3
FNH:3
FNDA:5,(anonymous_0)
FNDA:8,(anonymous_1)
FNDA:4,(anonymous_2)
DA:5,1
DA:7,5
DA:8,5
DA:11,5
DA:12,8
DA:13,8
DA:14,8
DA:15,8
DA:16,8
DA:17,8
DA:18,3
DA:20,5
DA:22,0
DA:26,5
DA:27,4
DA:28,4
DA:29,4
DA:30,4
DA:31,2
DA:33,2
DA:35,0
LF:21
LH:19
BRDA:17,0,0,3
BRDA:30,1,0,2
BRF:2
BRH:2
end_of_record
TN:
SF:src\presentation\controllers\CanteenController.ts
FN:8,(anonymous_0)
FN:10,(anonymous_1)
FN:27,(anonymous_2)
FN:54,(anonymous_3)
FNF:4
FNH:0
FNDA:0,(anonymous_0)
FNDA:0,(anonymous_1)
FNDA:0,(anonymous_2)
FNDA:0,(anonymous_3)
DA:3,0
DA:4,0
DA:5,0
DA:7,0
DA:8,0
DA:10,0
DA:11,0
DA:12,0
DA:14,0
DA:15,0
DA:21,0
DA:27,0
DA:28,0
DA:29,0
DA:31,0
DA:32,0
DA:38,0
DA:39,0
DA:41,0
DA:42,0
DA:48,0
DA:54,0
DA:55,0
DA:56,0
DA:58,0
DA:59,0
DA:65,0
DA:66,0
DA:67,0
DA:73,0
DA:74,0
DA:76,0
DA:77,0
DA:83,0
DA:84,0
DA:90,0
LF:36
LH:0
BRDA:14,0,0,0
BRDA:31,1,0,0
BRDA:41,2,0,0
BRDA:58,3,0,0
BRDA:66,4,0,0
BRDA:76,5,0,0
BRDA:83,6,0,0
BRF:7
BRH:0
end_of_record
TN:
SF:src\presentation\controllers\DeadlineController.ts
FN:12,(anonymous_0)
FN:19,(anonymous_1)
FN:30,(anonymous_2)
FN:56,(anonymous_3)
FNF:4
FNH:0
FNDA:0,(anonymous_0)
FNDA:0,(anonymous_1)
FNDA:0,(anonymous_2)
FNDA:0,(anonymous_3)
DA:1,0
DA:8,0
DA:9,0
DA:11,0
DA:13,0
DA:14,0
DA:15,0
DA:16,0
DA:19,0
DA:20,0
DA:22,0
DA:23,0
DA:24,0
DA:26,0
DA:30,0
DA:31,0
DA:32,0
DA:33,0
DA:34,0
DA:46,0
DA:47,0
DA:48,0
DA:50,0
DA:52,0
DA:56,0
DA:57,0
DA:58,0
DA:59,0
DA:60,0
DA:61,0
DA:64,0
DA:68,0
DA:69,0
DA:72,0
DA:73,0
DA:74,0
DA:76,0
DA:78,0
LF:38
LH:0
BRDA:22,0,0,0
BRDA:22,0,1,0
BRDA:22,0,2,0
BRDA:32,1,0,0
BRDA:32,1,1,0
BRDA:32,1,2,0
BRDA:47,2,0,0
BRDA:60,3,0,0
BRDA:64,4,0,0
BRDA:64,4,1,0
BRDA:68,5,0,0
BRDA:73,6,0,0
BRF:12
BRH:0
end_of_record
TN:
SF:src\presentation\controllers\RatingController.ts
FN:9,(anonymous_0)
FN:14,(anonymous_1)
FN:57,(anonymous_2)
FNF:3
FNH:0
FNDA:0,(anonymous_0)
FNDA:0,(anonymous_1)
FNDA:0,(anonymous_2)
DA:1,0
DA:6,0
DA:8,0
DA:10,0
DA:11,0
DA:14,0
DA:15,0
DA:16,0
DA:17,0
DA:19,0
DA:20,0
DA:26,0
DA:35,0
DA:37,0
DA:38,0
DA:41,0
DA:53,0
DA:57,0
DA:58,0
DA:59,0
DA:60,0
DA:61,0
DA:63,0
DA:64,0
DA:66,0
LF:25
LH:0
BRDA:16,0,0,0
BRDA:16,0,1,0
BRDA:19,1,0,0
BRDA:19,2,0,0
BRDA:19,2,1,0
BRDA:32,3,0,0
BRDA:32,3,1,0
BRDA:37,4,0,0
BRDA:60,5,0,0
BRDA:60,6,0,0
BRDA:60,6,1,0
BRF:11
BRH:0
end_of_record
TN:
SF:src\presentation\controllers\RequestController.ts
FN:11,(anonymous_0)
FN:13,(anonymous_1)
FN:30,(anonymous_2)
FN:56,(anonymous_3)
FN:82,(anonymous_4)
FN:102,(anonymous_5)
FN:119,(anonymous_6)
FNF:7
FNH:0
FNDA:0,(anonymous_0)
FNDA:0,(anonymous_1)
FNDA:0,(anonymous_2)
FNDA:0,(anonymous_3)
FNDA:0,(anonymous_4)
FNDA:0,(anonymous_5)
FNDA:0,(anonymous_6)
DA:3,0
DA:4,0
DA:5,0
DA:6,0
DA:7,0
DA:8,0
DA:10,0
DA:11,0
DA:13,0
DA:14,0
DA:15,0
DA:17,0
DA:18,0
DA:24,0
DA:30,0
DA:31,0
DA:33,0
DA:34,0
DA:40,0
DA:41,0
DA:43,0
DA:44,0
DA:50,0
DA:56,0
DA:57,0
DA:59,0
DA:60,0
DA:66,0
DA:67,0
DA:69,0
DA:70,0
DA:76,0
DA:82,0
DA:83,0
DA:84,0
DA:86,0
DA:87,0
DA:89,0
DA:90,0
DA:96,0
DA:102,0
DA:103,0
DA:104,0
DA:106,0
DA:107,0
DA:113,0
DA:119,0
DA:120,0
DA:121,0
DA:123,0
DA:124,0
DA:130,0
DA:131,0
DA:133,0
DA:134,0
DA:140,0
LF:56
LH:0
BRDA:17,0,0,0
BRDA:33,1,0,0
BRDA:43,2,0,0
BRDA:59,3,0,0
BRDA:69,4,0,0
BRDA:89,5,0,0
BRDA:106,6,0,0
BRDA:123,7,0,0
BRDA:133,8,0,0
BRF:9
BRH:0
end_of_record
TN:
SF:src\presentation\controllers\RoomController.ts
FN:9,(anonymous_0)
FN:11,(anonymous_1)
FN:28,(anonymous_2)
FN:53,(anonymous_3)
FN:71,(anonymous_4)
FNF:5
FNH:0
FNDA:0,(anonymous_0)
FNDA:0,(anonymous_1)
FNDA:0,(anonymous_2)
FNDA:0,(anonymous_3)
FNDA:0,(anonymous_4)
DA:3,0
DA:4,0
DA:5,0
DA:6,0
DA:8,0
DA:9,0
DA:11,0
DA:12,0
DA:13,0
DA:15,0
DA:16,0
DA:22,0
DA:28,0
DA:29,0
DA:30,0
DA:31,0
DA:33,0
DA:34,0
DA:40,0
DA:41,0
DA:47,0
DA:53,0
DA:54,0
DA:55,0
DA:56,0
DA:58,0
DA:59,0
DA:65,0
DA:71,0
DA:72,0
DA:73,0
DA:75,0
DA:76,0
DA:82,0
DA:83,0
DA:85,0
DA:86,0
DA:92,0
LF:38
LH:0
BRDA:15,0,0,0
BRDA:33,1,0,0
BRDA:40,2,0,0
BRDA:58,3,0,0
BRDA:75,4,0,0
BRDA:85,5,0,0
BRF:6
BRH:0
end_of_record
TN:
SF:src\presentation\controllers\ScheduleController.ts
FN:6,(anonymous_0)
FN:11,(anonymous_1)
FN:21,(anonymous_2)
FNF:3
FNH:0
FNDA:0,(anonymous_0)
FNDA:0,(anonymous_1)
FNDA:0,(anonymous_2)
DA:5,0
DA:7,0
DA:8,0
DA:11,0
DA:12,0
DA:13,0
DA:14,0
DA:15,0
DA:17,0
DA:21,0
DA:22,0
DA:23,0
DA:24,0
DA:25,0
DA:27,0
LF:15
LH:0
BRF:0
BRH:0
end_of_record
TN:
SF:src\presentation\controllers\StoryController.ts
FN:11,(anonymous_0)
FN:16,(anonymous_1)
FN:28,(anonymous_2)
FNF:3
FNH:0
FNDA:0,(anonymous_0)
FNDA:0,(anonymous_1)
FNDA:0,(anonymous_2)
DA:10,0
DA:12,0
DA:13,0
DA:16,0
DA:17,0
DA:18,0
DA:19,0
DA:20,0
DA:22,0
DA:24,0
DA:28,0
DA:29,0
DA:30,0
DA:31,0
DA:32,0
DA:33,0
DA:34,0
DA:36,0
DA:38,0
LF:19
LH:0
BRDA:19,0,0,0
BRDA:33,1,0,0
BRF:2
BRH:0
end_of_record
TN:
SF:src\presentation\middleware\authMiddleware.ts
FN:6,(anonymous_0)
FNF:1
FNH:0
FNDA:0,(anonymous_0)
DA:2,0
DA:3,0
DA:6,0
DA:7,0
DA:8,0
DA:9,0
DA:10,0
DA:12,0
DA:13,0
DA:14,0
DA:16,0
DA:17,0
DA:19,0
LF:13
LH:0
BRDA:9,0,0,0
BRDA:13,1,0,0
BRF:2
BRH:0
end_of_record
TN:
SF:src\presentation\middleware\errorHandlerMiddleware.ts
FN:4,(anonymous_0)
FNF:1
FNH:0
FNDA:0,(anonymous_0)
DA:2,1
DA:4,1
DA:10,0
DA:11,0
DA:20,0
LF:5
LH:2
BRDA:10,0,0,0
BRF:1
BRH:0
end_of_record
TN:
SF:src\presentation\middleware\rbacMiddleware.ts
FN:6,(anonymous_0)
FN:7,(anonymous_1)
FN:9,(anonymous_2)
FNF:3
FNH:0
FNDA:0,(anonymous_0)
FNDA:0,(anonymous_1)
FNDA:0,(anonymous_2)
DA:3,0
DA:6,0
DA:7,0
DA:8,0
DA:9,0
DA:10,0
DA:11,0
DA:13,0
LF:8
LH:0
BRDA:8,0,0,0
BRDA:8,0,1,0
BRDA:10,1,0,0
BRF:3
BRH:0
end_of_record
TN:
SF:src\presentation\middleware\validationMiddleware.ts
FN:3,(anonymous_0)
FNF:1
FNH:0
FNDA:0,(anonymous_0)
DA:3,0
DA:4,0
LF:2
LH:0
BRF:0
BRH:0
end_of_record
TN:
SF:src\presentation\routes\announcementRoutes.ts
FN:11,(anonymous_0)
FNF:1
FNH:0
FNDA:0,(anonymous_0)
DA:5,0
DA:6,0
DA:7,0
DA:8,0
DA:11,0
DA:12,0
DA:13,0
DA:14,0
DA:15,0
DA:17,0
DA:18,0
DA:20,0
LF:12
LH:0
BRF:0
BRH:0
end_of_record
TN:
SF:src\presentation\routes\authRoutes.ts
FN:8,(anonymous_0)
FNF:1
FNH:1
FNDA:5,(anonymous_0)
DA:1,1
DA:2,1
DA:3,1
DA:4,1
DA:5,1
DA:8,1
DA:9,5
DA:10,5
DA:11,5
DA:13,5
DA:14,5
DA:16,5
LF:12
LH:12
BRF:0
BRH:0
end_of_record
TN:
SF:src\presentation\routes\canteenRoutes.ts
FN:5,canteenRoutes
FNF:1
FNH:0
FNDA:0,canteenRoutes
DA:1,0
DA:3,0
DA:5,0
DA:6,0
DA:7,0
DA:9,0
DA:10,0
DA:11,0
DA:13,0
LF:9
LH:0
BRF:0
BRH:0
end_of_record
TN:
SF:src\presentation\routes\deadlineRoutes.ts
FN:10,(anonymous_0)
FNF:1
FNH:0
FNDA:0,(anonymous_0)
DA:1,0
DA:2,0
DA:3,0
DA:4,0
DA:5,0
DA:6,0
DA:10,0
DA:11,0
DA:12,0
DA:13,0
DA:20,0
DA:21,0
DA:22,0
DA:24,0
LF:14
LH:0
BRF:0
BRH:0
end_of_record
TN:
SF:src\presentation\routes\ratingRoutes.ts
FN:10,(anonymous_0)
FNF:1
FNH:0
FNDA:0,(anonymous_0)
DA:1,0
DA:2,0
DA:3,0
DA:4,0
DA:5,0
DA:6,0
DA:7,0
DA:10,0
DA:11,0
DA:12,0
DA:13,0
DA:18,0
DA:19,0
DA:21,0
LF:14
LH:0
BRDA:12,0,0,0
BRDA:12,0,1,0
BRF:2
BRH:0
end_of_record
TN:
SF:src\presentation\routes\requestRoutes.ts
FN:6,requestRoutes
FNF:1
FNH:0
FNDA:0,requestRoutes
DA:1,0
DA:3,0
DA:4,0
DA:6,0
DA:7,0
DA:8,0
DA:10,0
DA:12,0
DA:13,0
DA:14,0
DA:15,0
DA:16,0
DA:17,0
DA:19,0
LF:14
LH:0
BRF:0
BRH:0
end_of_record
TN:
SF:src\presentation\routes\roomRoutes.ts
FN:5,roomRoutes
FNF:1
FNH:0
FNDA:0,roomRoutes
DA:1,0
DA:3,0
DA:5,0
DA:6,0
DA:7,0
DA:9,0
DA:10,0
DA:11,0
DA:12,0
DA:14,0
LF:10
LH:0
BRF:0
BRH:0
end_of_record
TN:
SF:src\presentation\routes\scheduleRoutes.ts
FN:8,(anonymous_0)
FNF:1
FNH:0
FNDA:0,(anonymous_0)
DA:1,0
DA:2,0
DA:3,0
DA:4,0
DA:5,0
DA:8,0
DA:9,0
DA:10,0
DA:11,0
DA:16,0
DA:17,0
DA:19,0
LF:12
LH:0
BRF:0
BRH:0
end_of_record
TN:
SF:src\presentation\routes\storyRoutes.ts
FN:11,(anonymous_0)
FNF:1
FNH:0
FNDA:0,(anonymous_0)
DA:5,0
DA:6,0
DA:7,0
DA:8,0
DA:11,0
DA:12,0
DA:13,0
DA:14,0
DA:15,0
DA:17,0
DA:18,0
DA:20,0
LF:12
LH:0
BRF:0
BRH:0
end_of_record
TN:
SF:src\shared\Result.ts
FN:7,(anonymous_0)
FN:21,(anonymous_1)
FN:28,(anonymous_2)
FN:32,(anonymous_3)
FNF:4
FNH:4
FNDA:252,(anonymous_0)
FNDA:223,(anonymous_1)
FNDA:218,(anonymous_2)
FNDA:34,(anonymous_3)
DA:1,9
DA:8,252
DA:9,252
DA:10,252
DA:11,252
DA:13,252
DA:14,0
DA:16,252
DA:17,0
DA:22,223
DA:23,0
DA:25,223
DA:29,218
DA:33,34
LF:14
LH:11
BRDA:13,0,0,0
BRDA:13,1,0,252
BRDA:13,1,1,218
BRDA:16,2,0,0
BRDA:16,3,0,252
BRDA:16,3,1,34
BRDA:22,4,0,0
BRF:7
BRH:4
end_of_record
TN:
SF:src\shared\constants.ts
FNF:0
FNH:0
DA:3,4
LF:1
LH:1
BRF:0
BRH:0
end_of_record
TN:
SF:src\shared\errors\AppError.ts
FN:5,(anonymous_0)
FNF:1
FNH:1
FNDA:6,(anonymous_0)
DA:1,5
DA:6,6
DA:7,6
DA:8,6
LF:4
LH:4
BRF:0
BRH:0
end_of_record
TN:
SF:src\shared\errors\AuthenticationError.ts
FN:4,(anonymous_0)
FNF:1
FNH:0
FNDA:0,(anonymous_0)
DA:1,0
DA:3,0
DA:5,0
LF:3
LH:0
BRDA:4,0,0,0
BRF:1
BRH:0
end_of_record
TN:
SF:src\shared\errors\AuthorizationError.ts
FN:4,(anonymous_0)
FNF:1
FNH:0
FNDA:0,(anonymous_0)
DA:1,0
DA:3,0
DA:5,0
LF:3
LH:0
BRDA:4,0,0,0
BRF:1
BRH:0
end_of_record
TN:
SF:src\shared\errors\DomainError.ts
FN:4,(anonymous_0)
FNF:1
FNH:0
FNDA:0,(anonymous_0)
DA:1,0
DA:3,0
DA:5,0
LF:3
LH:0
BRDA:4,0,0,0
BRF:1
BRH:0
end_of_record
TN:
SF:src\shared\errors\ValidationError.ts
FN:4,(anonymous_0)
FNF:1
FNH:1
FNDA:6,(anonymous_0)
DA:1,5
DA:3,5
DA:5,6
LF:3
LH:3
BRDA:4,0,0,6
BRF:1
BRH:1
end_of_record
TN:
SF:src\shared\utils\jwt.ts
FN:6,(anonymous_1)
FN:10,(anonymous_2)
FNF:2
FNH:1
FNDA:14,(anonymous_1)
FNDA:0,(anonymous_2)
DA:1,3
DA:4,3
DA:6,3
DA:7,14
DA:10,3
DA:11,0
LF:6
LH:5
BRDA:4,0,0,3
BRDA:4,0,1,3
BRF:2
BRH:2
end_of_record
TN:
SF:src\shared\utils\logger.ts
FN:2,(anonymous_0)
FN:3,(anonymous_1)
FN:4,(anonymous_2)
FNF:3
FNH:0
FNDA:0,(anonymous_0)
FNDA:0,(anonymous_1)
FNDA:0,(anonymous_2)
DA:1,0
DA:2,0
DA:3,0
DA:4,0
LF:4
LH:0
BRF:0
BRH:0
end_of_record
TN:
SF:src\shared\utils\validator.ts
FN:1,(anonymous_0)
FNF:1
FNH:0
FNDA:0,(anonymous_0)
DA:1,0
LF:1
LH:0
BRF:0
BRH:0
end_of_record
